<?xml version="1.0" encoding="UTF-8"?>
<testng-results skipped="0" failed="0" ignored="0" total="1" passed="1">
  <reporter-output>
  </reporter-output>
  <suite name="Default suite" duration-ms="29124" started-at="2019-03-11T19:32:03Z" finished-at="2019-03-11T19:32:32Z">
    <groups>
    </groups>
    <test name="Default test" duration-ms="29124" started-at="2019-03-11T19:32:03Z" finished-at="2019-03-11T19:32:32Z">
      <class name="Calculator">
        <test-method status="PASS" signature="setUp()[pri:0, instance:Calculator@553f17c]" name="setUp" is-config="true" duration-ms="14349" started-at="2019-03-11T19:32:03Z" finished-at="2019-03-11T19:32:17Z">
          <reporter-output>
          </reporter-output>
        </test-method> <!-- setUp -->
        <test-method status="PASS" signature="testCal()[pri:0, instance:Calculator@553f17c]" name="testCal" duration-ms="11804" started-at="2019-03-11T19:32:17Z" finished-at="2019-03-11T19:32:29Z">
          <reporter-output>
          </reporter-output>
        </test-method> <!-- testCal -->
        <test-method status="PASS" signature="teardown()[pri:0, instance:Calculator@553f17c]" name="teardown" is-config="true" duration-ms="2923" started-at="2019-03-11T19:32:29Z" finished-at="2019-03-11T19:32:32Z">
          <reporter-output>
          </reporter-output>
        </test-method> <!-- teardown -->
      </class> <!-- Calculator -->
    </test> <!-- Default test -->
  </suite> <!-- Default suite -->
</testng-results>
